<?xml version="1.0" encoding="UTF-8"?>
<!-- Generated by org.testng.reporters.JUnitReportReporter -->
<testsuite hostname="DESKTOP-U5B1BD3" failures="0" tests="1" name="demoapp.Sauce_demo" time="59.290" errors="0" timestamp="2023-06-15T21:53:56 IST" skipped="0">
  <testcase classname="demoapp.Sauce_demo" name="login" time="59.290"/>
</testsuite> <!-- demoapp.Sauce_demo -->
